
====================================================================
[2025-06-08T19:39:42.054Z] START - Event: 1, Heat: 1, Timestamp: 1749411582054
====================================================================
[2025-06-08T19:39:50.008Z] LAP - Lane: 1, Time: 00:07.954.5, Timestamp: 1749411590008.5
[2025-06-08T19:39:50.090Z] LAP - Lane: 2, Time: 00:08.36.5, Timestamp: 1749411590090.5
[2025-06-08T19:39:50.167Z] LAP - Lane: 3, Time: 00:08.113.5, Timestamp: 1749411590167.5
[2025-06-08T19:39:50.692Z] LAP - Lane: 4, Time: 00:08.638.5, Timestamp: 1749411590692.5
[2025-06-08T19:39:50.766Z] LAP - Lane: 5, Time: 00:08.712.5, Timestamp: 1749411590766.5
[2025-06-08T19:39:50.836Z] LAP - Lane: 6, Time: 00:08.782.5, Timestamp: 1749411590836.5
[2025-06-08T19:39:51.226Z] LAP - Lane: 7, Time: 00:09.172.5, Timestamp: 1749411591226.5
[2025-06-08T19:39:51.333Z] LAP - Lane: 8, Time: 00:09.279.5, Timestamp: 1749411591333.5
[2025-06-08T19:39:51.378Z] LAP - Lane: 9, Time: 00:09.324.5, Timestamp: 1749411591378.5
[2025-06-08T19:39:52.951Z] LAP - Lane: 1, Time: 00:10.897, Timestamp: 1749411592951
[2025-06-08T19:39:53.455Z] LAP - Lane: 2, Time: 00:11.401, Timestamp: 1749411593455
[2025-06-08T19:39:53.707Z] LAP - Lane: 3, Time: 00:11.653, Timestamp: 1749411593707
[2025-06-08T19:39:54.095Z] LAP - Lane: 4, Time: 00:12.041, Timestamp: 1749411594095
[2025-06-08T19:39:54.627Z] LAP - Lane: 5, Time: 00:12.573.5, Timestamp: 1749411594627.5
[2025-06-08T19:39:54.777Z] LAP - Lane: 4, Time: 00:12.723.5, Timestamp: 1749411594777.5
[2025-06-08T19:39:54.817Z] LAP - Lane: 6, Time: 00:12.763.5, Timestamp: 1749411594817.5
[2025-06-08T19:39:54.828Z] LAP - Lane: 9, Time: 00:12.774.5, Timestamp: 1749411594828.5

--------------------------------------------------------------------
[2025-06-08T19:39:59.040Z] STOP - Timestamp: 1749411599040
--------------------------------------------------------------------

====================================================================
[2025-06-08T19:46:02.548Z] START - Event: 1, Heat: 1, Timestamp: 1749411962548
====================================================================
[2025-06-08T19:46:05.120Z] LAP - Lane: 1, Time: 00:02.572.5, Timestamp: 1749411965120.5
[2025-06-08T19:46:05.428Z] LAP - Lane: 2, Time: 00:02.880.5, Timestamp: 1749411965428.5
[2025-06-08T19:46:05.865Z] LAP - Lane: 3, Time: 00:03.317.5, Timestamp: 1749411965865.5
[2025-06-08T19:46:06.234Z] LAP - Lane: 5, Time: 00:03.686.5, Timestamp: 1749411966234.5
[2025-06-08T19:46:06.660Z] LAP - Lane: 4, Time: 00:04.112.5, Timestamp: 1749411966660.5
[2025-06-08T19:46:06.914Z] LAP - Lane: 7, Time: 00:04.366.5, Timestamp: 1749411966914.5
[2025-06-08T19:46:07.167Z] LAP - Lane: 8, Time: 00:04.619.5, Timestamp: 1749411967167.5
[2025-06-08T19:46:07.548Z] LAP - Lane: 9, Time: 00:05.0.5, Timestamp: 1749411967548.5
[2025-06-08T19:46:07.859Z] LAP - Lane: 6, Time: 00:05.311.5, Timestamp: 1749411967859.5

====================================================================
[2025-06-08T19:51:56.074Z] START - Event: 1, Heat: 1, Timestamp: 1749412316074
====================================================================
[2025-06-08T19:51:59.048Z] LAP - Lane: 1, Time: 29156871:59.048, Timestamp: 1749412319048
[2025-06-08T19:51:59.356Z] LAP - Lane: 4, Time: 29156871:59.356, Timestamp: 1749412319356
[2025-06-08T19:51:59.667Z] LAP - Lane: 7, Time: 29156871:59.667, Timestamp: 1749412319667

====================================================================
[2025-06-08T19:53:57.848Z] START - Event: 1, Heat: 1, Timestamp: 1749412437848.5
====================================================================
[2025-06-08T19:53:59.298Z] LAP - Lane: 1, Time: 00:01.449.5, Timestamp: 1749412439298
[2025-06-08T19:53:59.718Z] LAP - Lane: 4, Time: 00:01.869.5, Timestamp: 1749412439718
[2025-06-08T19:54:00.257Z] LAP - Lane: 7, Time: 00:02.408.5, Timestamp: 1749412440257
[2025-06-08T19:54:03.821Z] LAP - Lane: 2, Time: 00:05.973, Timestamp: 1749412443821.5
[2025-06-08T19:54:07.927Z] LAP - Lane: 5, Time: 00:10.079, Timestamp: 1749412447927.5
[2025-06-08T19:54:08.214Z] LAP - Lane: 8, Time: 00:10.366, Timestamp: 1749412448214.5

====================================================================
[2025-06-08T19:54:45.196Z] START - Event: 1, Heat: 1, Timestamp: 1749412485196
====================================================================
[2025-06-08T19:54:46.738Z] LAP - Lane: 0, Time: 00:01.542, Timestamp: 1749412486738
[2025-06-08T19:54:47.194Z] LAP - Lane: 1, Time: 00:01.998, Timestamp: 1749412487194
[2025-06-08T19:54:47.558Z] LAP - Lane: 4, Time: 00:02.362, Timestamp: 1749412487558
[2025-06-08T19:55:01.438Z] LAP - Lane: 1, Time: 00:16.242, Timestamp: 1749412501438
[2025-06-08T19:55:01.499Z] LAP - Lane: 2, Time: 00:16.303, Timestamp: 1749412501499
[2025-06-08T19:55:01.584Z] LAP - Lane: 3, Time: 00:16.388, Timestamp: 1749412501584
[2025-06-08T19:55:01.792Z] LAP - Lane: 1, Time: 00:16.596, Timestamp: 1749412501792
[2025-06-08T19:55:01.843Z] LAP - Lane: 2, Time: 00:16.647, Timestamp: 1749412501843
[2025-06-08T19:55:01.898Z] LAP - Lane: 3, Time: 00:16.702, Timestamp: 1749412501898
[2025-06-08T19:55:02.836Z] LAP - Lane: 4, Time: 00:17.640, Timestamp: 1749412502836
[2025-06-08T19:55:03.254Z] LAP - Lane: 5, Time: 00:18.58, Timestamp: 1749412503254
[2025-06-08T19:55:03.534Z] LAP - Lane: 5, Time: 00:18.338, Timestamp: 1749412503534
[2025-06-08T19:55:03.887Z] LAP - Lane: 6, Time: 00:18.691, Timestamp: 1749412503887
[2025-06-08T19:55:30.367Z] LAP - Lane: 9, Time: 00:45.171, Timestamp: 1749412530367
[2025-06-08T19:55:32.815Z] LAP - Lane: 9, Time: 00:47.619, Timestamp: 1749412532815
[2025-06-08T19:55:34.676Z] LAP - Lane: 9, Time: 00:49.480, Timestamp: 1749412534676

--------------------------------------------------------------------
[2025-06-08T19:55:47.330Z] STOP - Timestamp: 1749412547330
--------------------------------------------------------------------
[2025-06-08T19:55:50.229Z] LAP - Lane: 1, Time: 01:05.33, Timestamp: 1749412550229
[2025-06-08T19:55:50.774Z] LAP - Lane: 4, Time: 01:05.578, Timestamp: 1749412550774
[2025-06-08T19:55:52.446Z] LAP - Lane: 7, Time: 01:07.250, Timestamp: 1749412552446
[2025-06-08T19:55:52.759Z] LAP - Lane: 8, Time: 01:07.563, Timestamp: 1749412552759
[2025-06-08T19:55:53.036Z] LAP - Lane: 5, Time: 01:07.840, Timestamp: 1749412553036
[2025-06-08T19:55:53.312Z] LAP - Lane: 2, Time: 01:08.116, Timestamp: 1749412553312

====================================================================
[2025-06-08T19:56:55.762Z] START - Event: 1, Heat: 1, Timestamp: 1749412615762.5
====================================================================
[2025-06-08T19:56:57.494Z] LAP - Lane: 1, Time: 00:01.731.5, Timestamp: 1749412617494
[2025-06-08T19:56:57.781Z] LAP - Lane: 4, Time: 00:02.18.5, Timestamp: 1749412617781
[2025-06-08T19:56:58.054Z] LAP - Lane: 7, Time: 00:02.291.5, Timestamp: 1749412618054
[2025-06-08T19:56:58.396Z] LAP - Lane: 8, Time: 00:02.633.5, Timestamp: 1749412618396
[2025-06-08T19:56:58.678Z] LAP - Lane: 5, Time: 00:02.915.5, Timestamp: 1749412618678
[2025-06-08T19:56:58.982Z] LAP - Lane: 2, Time: 00:03.219.5, Timestamp: 1749412618982

--------------------------------------------------------------------
[2025-06-08T19:57:03.245Z] STOP - Timestamp: 1749412623245
--------------------------------------------------------------------
[2025-06-08T19:57:05.579Z] LAP - Lane: 3, Time: 00:00.00, Timestamp: 1749412625579
[2025-06-08T19:57:05.928Z] LAP - Lane: 6, Time: 00:00.00, Timestamp: 1749412625928
[2025-06-08T19:57:06.261Z] LAP - Lane: 9, Time: 00:00.00, Timestamp: 1749412626261

====================================================================
[2025-06-08T19:59:03.894Z] START - Event: 1, Heat: 1, Timestamp: 1749412743894
====================================================================
[2025-06-08T19:59:04.958Z] LAP - Lane: 1, Time: 00:01.64, Timestamp: 1749412744958
[2025-06-08T19:59:05.062Z] LAP - Lane: 2, Time: 00:01.168, Timestamp: 1749412745062
[2025-06-08T19:59:05.116Z] LAP - Lane: 3, Time: 00:01.222, Timestamp: 1749412745116
[2025-06-08T19:59:05.524Z] LAP - Lane: 4, Time: 00:01.630, Timestamp: 1749412745524
[2025-06-08T19:59:05.597Z] LAP - Lane: 5, Time: 00:01.703, Timestamp: 1749412745597
[2025-06-08T19:59:05.692Z] LAP - Lane: 6, Time: 00:01.798, Timestamp: 1749412745692
[2025-06-08T19:59:05.970Z] LAP - Lane: 7, Time: 00:02.76, Timestamp: 1749412745970
[2025-06-08T19:59:06.077Z] LAP - Lane: 8, Time: 00:02.183, Timestamp: 1749412746077
[2025-06-08T19:59:06.153Z] LAP - Lane: 9, Time: 00:02.259, Timestamp: 1749412746153
[2025-06-08T19:59:08.083Z] LAP - Lane: 0, Time: 00:04.189, Timestamp: 1749412748083
[2025-06-08T19:59:11.889Z] LAP - Lane: 2, Time: 00:07.995, Timestamp: 1749412751889
[2025-06-08T19:59:12.107Z] LAP - Lane: 2, Time: 00:08.213, Timestamp: 1749412752107
[2025-06-08T19:59:12.454Z] LAP - Lane: 1, Time: 00:08.560, Timestamp: 1749412752454
[2025-06-08T19:59:12.602Z] LAP - Lane: 1, Time: 00:08.708, Timestamp: 1749412752602
[2025-06-08T19:59:12.918Z] LAP - Lane: 2, Time: 00:09.24, Timestamp: 1749412752918
[2025-06-08T19:59:13.185Z] LAP - Lane: 1, Time: 00:09.291, Timestamp: 1749412753185
[2025-06-08T19:59:13.576Z] LAP - Lane: 2, Time: 00:09.682, Timestamp: 1749412753576
[2025-06-08T19:59:13.734Z] LAP - Lane: 1, Time: 00:09.840, Timestamp: 1749412753734
[2025-06-08T19:59:14.030Z] LAP - Lane: 1, Time: 00:10.136, Timestamp: 1749412754030
[2025-06-08T19:59:14.394Z] LAP - Lane: 1, Time: 00:10.500.5, Timestamp: 1749412754394.5
[2025-06-08T19:59:14.687Z] LAP - Lane: 1, Time: 00:10.793.5, Timestamp: 1749412754687.5
[2025-06-08T19:59:14.955Z] LAP - Lane: 1, Time: 00:11.61.5, Timestamp: 1749412754955.5
[2025-06-08T19:59:15.228Z] LAP - Lane: 1, Time: 00:11.334.5, Timestamp: 1749412755228.5
[2025-06-08T19:59:15.502Z] LAP - Lane: 1, Time: 00:11.608.5, Timestamp: 1749412755502.5
[2025-06-08T19:59:15.790Z] LAP - Lane: 1, Time: 00:11.896.5, Timestamp: 1749412755790.5
[2025-06-08T19:59:16.068Z] LAP - Lane: 1, Time: 00:12.174.5, Timestamp: 1749412756068.5
[2025-06-08T19:59:16.351Z] LAP - Lane: 1, Time: 00:12.457.5, Timestamp: 1749412756351.5
[2025-06-08T19:59:16.640Z] LAP - Lane: 1, Time: 00:12.746.5, Timestamp: 1749412756640.5
[2025-06-08T19:59:16.921Z] LAP - Lane: 1, Time: 00:13.27.5, Timestamp: 1749412756921.5
[2025-06-08T19:59:17.429Z] LAP - Lane: 1, Time: 00:13.535.5, Timestamp: 1749412757429.5
[2025-06-08T19:59:17.461Z] LAP - Lane: 1, Time: 00:13.567.5, Timestamp: 1749412757461.5
[2025-06-08T19:59:17.493Z] LAP - Lane: 1, Time: 00:13.599.5, Timestamp: 1749412757493.5
[2025-06-08T19:59:17.521Z] LAP - Lane: 1, Time: 00:13.627, Timestamp: 1749412757521
[2025-06-08T19:59:17.552Z] LAP - Lane: 1, Time: 00:13.658, Timestamp: 1749412757552
[2025-06-08T19:59:17.584Z] LAP - Lane: 1, Time: 00:13.690, Timestamp: 1749412757584
[2025-06-08T19:59:17.616Z] LAP - Lane: 1, Time: 00:13.722, Timestamp: 1749412757616
[2025-06-08T19:59:17.649Z] LAP - Lane: 1, Time: 00:13.755, Timestamp: 1749412757649
[2025-06-08T19:59:17.694Z] LAP - Lane: 1, Time: 00:13.800, Timestamp: 1749412757694
[2025-06-08T19:59:17.725Z] LAP - Lane: 1, Time: 00:13.831, Timestamp: 1749412757725
[2025-06-08T19:59:17.756Z] LAP - Lane: 1, Time: 00:13.862, Timestamp: 1749412757756
[2025-06-08T19:59:17.788Z] LAP - Lane: 1, Time: 00:13.894, Timestamp: 1749412757788
[2025-06-08T19:59:17.820Z] LAP - Lane: 1, Time: 00:13.926, Timestamp: 1749412757820
[2025-06-08T19:59:17.851Z] LAP - Lane: 1, Time: 00:13.957, Timestamp: 1749412757851
[2025-06-08T19:59:18.606Z] LAP - Lane: 2, Time: 00:14.712, Timestamp: 1749412758606
[2025-06-08T19:59:18.752Z] LAP - Lane: 2, Time: 00:14.858, Timestamp: 1749412758752
[2025-06-08T19:59:18.985Z] LAP - Lane: 5, Time: 00:15.91, Timestamp: 1749412758985
[2025-06-08T19:59:18.988Z] LAP - Lane: 8, Time: 00:15.94, Timestamp: 1749412758988
[2025-06-08T19:59:19.110Z] LAP - Lane: 5, Time: 00:15.216, Timestamp: 1749412759110

--------------------------------------------------------------------
[2025-06-08T19:59:21.470Z] STOP - Timestamp: 1749412761470
--------------------------------------------------------------------

====================================================================
[2025-06-08T19:59:27.425Z] START - Event: 301, Heat: 1, Timestamp: 1749412767425
====================================================================

--------------------------------------------------------------------
[2025-06-08T19:59:29.631Z] STOP - Timestamp: 1749412769631
--------------------------------------------------------------------

====================================================================
[2025-06-08T19:59:31.769Z] START - Event: 301, Heat: 2, Timestamp: 1749412771769
====================================================================

--------------------------------------------------------------------
[2025-06-08T19:59:33.218Z] STOP - Timestamp: 1749412773218
--------------------------------------------------------------------
